<?xml version="1.0" encoding="UTF-8"?>
<!-- Generated by org.testng.reporters.JUnitReportReporter -->
<testsuite skipped="0" hostname="LAPTOP-GJBLS7MV" name="SanityTests.saucedemoWeb" tests="4" failures="0" timestamp="19 Aug 2020 07:14:31 GMT" time="6.769" errors="0">
  <testcase name="test01_login" time="2.892" classname="SanityTests.saucedemoWeb"/>
  <testcase name="test04_verifyLogo" time="1.179" classname="SanityTests.saucedemoWeb"/>
  <testcase name="test03_Shopping_cart" time="1.378" classname="SanityTests.saucedemoWeb"/>
  <testcase name="test02_DropDownSort" time="1.320" classname="SanityTests.saucedemoWeb"/>
</testsuite> <!-- SanityTests.saucedemoWeb -->
