<?xml version="1.0" encoding="UTF-8"?>
<!-- Generated by org.testng.reporters.JUnitReportReporter -->
<testsuite skipped="0" hostname="LAPTOP-GJBLS7MV" name="SanityTests.electronDemo" tests="1" failures="0" timestamp="18 Aug 2020 12:06:45 GMT" time="1.738" errors="0">
  <testcase name="test01_GetResolution" time="1.738" classname="SanityTests.electronDemo"/>
</testsuite> <!-- SanityTests.electronDemo -->
