<?xml version="1.0" encoding="UTF-8"?>
<!-- Generated by org.testng.reporters.JUnitReportReporter -->
<testsuite skipped="0" hostname="LAPTOP-GJBLS7MV" name="SanityTests.saucedemoWebDB" tests="1" failures="0" timestamp="19 Aug 2020 07:14:31 GMT" time="3.035" errors="0">
  <testcase name="test01_login" time="3.035" classname="SanityTests.saucedemoWebDB"/>
</testsuite> <!-- SanityTests.saucedemoWebDB -->
