<?xml version="1.0" encoding="UTF-8"?>
<!-- Generated by org.testng.reporters.JUnitReportReporter -->
<testsuite skipped="0" hostname="LAPTOP-GJBLS7MV" name="SanityTests.ChuckNorrisAPI" tests="1" failures="0" timestamp="18 Aug 2020 12:03:32 GMT" time="5.768" errors="0">
  <testcase name="test01_GetList" time="5.768" classname="SanityTests.ChuckNorrisAPI"/>
</testsuite> <!-- SanityTests.ChuckNorrisAPI -->
