<?xml version="1.0" encoding="UTF-8"?>
<!-- Generated by org.testng.reporters.JUnitReportReporter -->
<testsuite skipped="0" hostname="LAPTOP-GJBLS7MV" name="SanityTests.studentListAPI" tests="4" failures="0" timestamp="25 Aug 2020 07:28:12 GMT" time="6.165" errors="0">
  <testcase name="test02_addStudent" time="0.592" classname="SanityTests.studentListAPI"/>
  <testcase name="test04_deleteStudent" time="0.203" classname="SanityTests.studentListAPI"/>
  <testcase name="test03_updateStudent" time="0.290" classname="SanityTests.studentListAPI"/>
  <testcase name="test01_GetList" time="5.080" classname="SanityTests.studentListAPI"/>
</testsuite> <!-- SanityTests.studentListAPI -->
